<?xml version="1.0" encoding="UTF-8"?>
<!-- Generated by org.testng.reporters.JUnitXMLReporter -->
<testsuite hostname="Shankars-MacBook-Air.local" ignored="0" name="Default test" tests="6" failures="0" timestamp="2023-08-20T22:23:58 IST" time="0.108" errors="0">
  <testcase name="test1" time="0.022" classname="testVagrant.SongplaylistTest"/>
  <testcase name="test2" time="0.006" classname="testVagrant.SongplaylistTest"/>
  <testcase name="test3" time="0.002" classname="testVagrant.SongplaylistTest"/>
  <testcase name="test4" time="0.001" classname="testVagrant.SongplaylistTest"/>
  <testcase name="test5" time="0.001" classname="testVagrant.SongplaylistTest"/>
  <testcase name="test6" time="0.002" classname="testVagrant.SongplaylistTest"/>
</testsuite> <!-- Default test -->
